<?xml version="1.0" encoding="UTF-8"?>
<testng-results skipped="0" failed="0" ignored="0" total="1" passed="1">
  <reporter-output>
  </reporter-output>
  <suite name="Suite" duration-ms="19485" started-at="2018-10-09T05:43:49Z" finished-at="2018-10-09T05:44:09Z">
    <groups>
    </groups>
    <test name="Browser Test" duration-ms="19485" started-at="2018-10-09T05:43:49Z" finished-at="2018-10-09T05:44:09Z">
      <class name="somepkg.OpenBrowser">
        <test-method status="PASS" signature="openB()[pri:0, instance:somepkg.OpenBrowser@45820e51]" name="openB" duration-ms="19454" started-at="2018-10-09T11:13:49Z" finished-at="2018-10-09T11:14:09Z">
          <reporter-output>
          </reporter-output>
        </test-method> <!-- openB -->
      </class> <!-- somepkg.OpenBrowser -->
    </test> <!-- Browser Test -->
  </suite> <!-- Suite -->
</testng-results>
